# JRE version: Java(TM) SE Runtime Environment (8.0_251-b08) (build 1.8.0_251-b08)
# Java VM: Java HotSpot(TM) 64-Bit Server VM (25.251-b08 mixed mode windows-amd64 compressed oops)
Heap:
 PSYoungGen      total 64512K, used 5127K [0x00000000d6200000, 0x00000000db600000, 0x0000000100000000)
  eden space 59392K, 8% used [0x00000000d6200000,0x00000000d6701f78,0x00000000d9c00000)
  from space 5120K, 0% used [0x00000000da700000,0x00000000da700000,0x00000000dac00000)
  to   space 11264K, 0% used [0x00000000d9c00000,0x00000000d9c00000,0x00000000da700000)
 ParOldGen       total 72704K, used 14122K [0x0000000082600000, 0x0000000086d00000, 0x00000000d6200000)
  object space 72704K, 19% used [0x0000000082600000,0x00000000833cabe0,0x0000000086d00000)
 Metaspace       used 21523K, capacity 22050K, committed 22192K, reserved 1069056K
  class space    used 2531K, capacity 2733K, committed 2816K, reserved 1048576K
GC Heap History (10 events):
Event: 2.823 GC heap before
{Heap before GC invocations=3 (full 0):
 PSYoungGen      total 37888K, used 37869K [0x00000000d6200000, 0x00000000dac00000, 0x0000000100000000)
  eden space 32768K, 100% used [0x00000000d6200000,0x00000000d8200000,0x00000000d8200000)
  from space 5120K, 99% used [0x00000000d8700000,0x00000000d8bfb4c8,0x00000000d8c00000)
  to   space 5120K, 0% used [0x00000000d8200000,0x00000000d8200000,0x00000000d8700000)
 ParOldGen       total 86016K, used 1702K [0x0000000082600000, 0x0000000087a00000, 0x00000000d6200000)
  object space 86016K, 1% used [0x0000000082600000,0x00000000827a9ab0,0x0000000087a00000)
 Metaspace       used 15188K, capacity 15520K, committed 15872K, reserved 1062912K
  class space    used 1863K, capacity 1942K, committed 2048K, reserved 1048576K
Event: 2.837 GC heap after
Heap after GC invocations=3 (full 0):
 PSYoungGen      total 37888K, used 5112K [0x00000000d6200000, 0x00000000dac00000, 0x0000000100000000)
  eden space 32768K, 0% used [0x00000000d6200000,0x00000000d6200000,0x00000000d8200000)
  from space 5120K, 99% used [0x00000000d8200000,0x00000000d86fe030,0x00000000d8700000)
  to   space 5120K, 0% used [0x00000000da700000,0x00000000da700000,0x00000000dac00000)
 ParOldGen       total 86016K, used 4482K [0x0000000082600000, 0x0000000087a00000, 0x00000000d6200000)
  object space 86016K, 5% used [0x0000000082600000,0x0000000082a60b88,0x0000000087a00000)
 Metaspace       used 15188K, capacity 15520K, committed 15872K, reserved 1062912K
  class space    used 1863K, capacity 1942K, committed 2048K, reserved 1048576K
}
Event: 4.160 GC heap before
{Heap before GC invocations=4 (full 0):
 PSYoungGen      total 37888K, used 37880K [0x00000000d6200000, 0x00000000dac00000, 0x0000000100000000)
  eden space 32768K, 100% used [0x00000000d6200000,0x00000000d8200000,0x00000000d8200000)
  from space 5120K, 99% used [0x00000000d8200000,0x00000000d86fe030,0x00000000d8700000)
  to   space 5120K, 0% used [0x00000000da700000,0x00000000da700000,0x00000000dac00000)
 ParOldGen       total 86016K, used 4482K [0x0000000082600000, 0x0000000087a00000, 0x00000000d6200000)
  object space 86016K, 5% used [0x0000000082600000,0x0000000082a60b88,0x0000000087a00000)
 Metaspace       used 16137K, capacity 16478K, committed 16640K, reserved 1064960K
  class space    used 1956K, capacity 2047K, committed 2048K, reserved 1048576K
Event: 4.175 GC heap after
Heap after GC invocations=4 (full 0):
 PSYoungGen      total 70656K, used 5096K [0x00000000d6200000, 0x00000000dac00000, 0x0000000100000000)
  eden space 65536K, 0% used [0x00000000d6200000,0x00000000d6200000,0x00000000da200000)
  from space 5120K, 99% used [0x00000000da700000,0x00000000dabfa020,0x00000000dac00000)
  to   space 5120K, 0% used [0x00000000da200000,0x00000000da200000,0x00000000da700000)
 ParOldGen       total 86016K, used 6812K [0x0000000082600000, 0x0000000087a00000, 0x00000000d6200000)
  object space 86016K, 7% used [0x0000000082600000,0x0000000082ca73f0,0x0000000087a00000)
 Metaspace       used 16137K, capacity 16478K, committed 16640K, reserved 1064960K
  class space    used 1956K, capacity 2047K, committed 2048K, reserved 1048576K
}
Event: 7.758 GC heap before
{Heap before GC invocations=5 (full 0):
 PSYoungGen      total 70656K, used 70632K [0x00000000d6200000, 0x00000000dac00000, 0x0000000100000000)
  eden space 65536K, 100% used [0x00000000d6200000,0x00000000da200000,0x00000000da200000)
  from space 5120K, 99% used [0x00000000da700000,0x00000000dabfa020,0x00000000dac00000)
  to   space 5120K, 0% used [0x00000000da200000,0x00000000da200000,0x00000000da700000)
 ParOldGen       total 86016K, used 6812K [0x0000000082600000, 0x0000000087a00000, 0x00000000d6200000)
  object space 86016K, 7% used [0x0000000082600000,0x0000000082ca73f0,0x0000000087a00000)
 Metaspace       used 16971K, capacity 17368K, committed 17536K, reserved 1064960K
  class space    used 1992K, capacity 2126K, committed 2176K, reserved 1048576K
Event: 7.785 GC heap after
Heap after GC invocations=5 (full 0):
 PSYoungGen      total 70656K, used 5112K [0x00000000d6200000, 0x00000000dac00000, 0x0000000100000000)
  eden space 65536K, 0% used [0x00000000d6200000,0x00000000d6200000,0x00000000da200000)
  from space 5120K, 99% used [0x00000000da200000,0x00000000da6fe030,0x00000000da700000)
  to   space 5120K, 0% used [0x00000000da700000,0x00000000da700000,0x00000000dac00000)
 ParOldGen       total 86016K, used 10715K [0x0000000082600000, 0x0000000087a00000, 0x00000000d6200000)
  object space 86016K, 12% used [0x0000000082600000,0x0000000083076fc0,0x0000000087a00000)
 Metaspace       used 16971K, capacity 17368K, committed 17536K, reserved 1064960K
  class space    used 1992K, capacity 2126K, committed 2176K, reserved 1048576K
}
Event: 10.785 GC heap before
{Heap before GC invocations=6 (full 0):
 PSYoungGen      total 70656K, used 42741K [0x00000000d6200000, 0x00000000dac00000, 0x0000000100000000)
  eden space 65536K, 57% used [0x00000000d6200000,0x00000000d86bf740,0x00000000da200000)
  from space 5120K, 99% used [0x00000000da200000,0x00000000da6fe030,0x00000000da700000)
  to   space 5120K, 0% used [0x00000000da700000,0x00000000da700000,0x00000000dac00000)
 ParOldGen       total 86016K, used 10715K [0x0000000082600000, 0x0000000087a00000, 0x00000000d6200000)
  object space 86016K, 12% used [0x0000000082600000,0x0000000083076fc0,0x0000000087a00000)
 Metaspace       used 20626K, capacity 21106K, committed 21296K, reserved 1069056K
  class space    used 2411K, capacity 2611K, committed 2688K, reserved 1048576K
Event: 10.803 GC heap after
Heap after GC invocations=6 (full 0):
 PSYoungGen      total 64512K, used 5096K [0x00000000d6200000, 0x00000000db600000, 0x0000000100000000)
  eden space 59392K, 0% used [0x00000000d6200000,0x00000000d6200000,0x00000000d9c00000)
  from space 5120K, 99% used [0x00000000da700000,0x00000000dabfa040,0x00000000dac00000)
  to   space 11264K, 0% used [0x00000000d9c00000,0x00000000d9c00000,0x00000000da700000)
 ParOldGen       total 86016K, used 15257K [0x0000000082600000, 0x0000000087a00000, 0x00000000d6200000)
  object space 86016K, 17% used [0x0000000082600000,0x00000000834e64c8,0x0000000087a00000)
 Metaspace       used 20626K, capacity 21106K, committed 21296K, reserved 1069056K
  class space    used 2411K, capacity 2611K, committed 2688K, reserved 1048576K
}
Event: 10.803 GC heap before
{Heap before GC invocations=7 (full 1):
 PSYoungGen      total 64512K, used 5096K [0x00000000d6200000, 0x00000000db600000, 0x0000000100000000)
  eden space 59392K, 0% used [0x00000000d6200000,0x00000000d6200000,0x00000000d9c00000)
  from space 5120K, 99% used [0x00000000da700000,0x00000000dabfa040,0x00000000dac00000)
  to   space 11264K, 0% used [0x00000000d9c00000,0x00000000d9c00000,0x00000000da700000)
 ParOldGen       total 86016K, used 15257K [0x0000000082600000, 0x0000000087a00000, 0x00000000d6200000)
  object space 86016K, 17% used [0x0000000082600000,0x00000000834e64c8,0x0000000087a00000)
 Metaspace       used 20626K, capacity 21106K, committed 21296K, reserved 1069056K
  class space    used 2411K, capacity 2611K, committed 2688K, reserved 1048576K
Event: 10.949 GC heap after
Heap after GC invocations=7 (full 1):
 PSYoungGen      total 64512K, used 0K [0x00000000d6200000, 0x00000000db600000, 0x0000000100000000)
  eden space 59392K, 0% used [0x00000000d6200000,0x00000000d6200000,0x00000000d9c00000)
  from space 5120K, 0% used [0x00000000da700000,0x00000000da700000,0x00000000dac00000)
  to   space 11264K, 0% used [0x00000000d9c00000,0x00000000d9c00000,0x00000000da700000)
 ParOldGen       total 72704K, used 14122K [0x0000000082600000, 0x0000000086d00000, 0x00000000d6200000)
  object space 72704K, 19% used [0x0000000082600000,0x00000000833cabe0,0x0000000086d00000)
 Metaspace       used 20626K, capacity 21106K, committed 21296K, reserved 1069056K
  class space    used 2411K, capacity 2611K, committed 2688K, reserved 1048576K
}

